<?xml version="1.0" encoding="UTF-8"?>
<!-- Generated by org.testng.reporters.JUnitReportReporter -->
<testsuite hostname="DESKTOP-QI6H2EA" failures="0" tests="1" name="testClass.CreateAccountTest" time="8.041" errors="0" timestamp="2025-02-26T03:22:57 PST" skipped="0">
  <testcase classname="testClass.CreateAccountTest" name="testGoogleLogin" time="8.041"/>
  <system-out/>
</testsuite> <!-- testClass.CreateAccountTest -->
