<?xml version="1.0" encoding="UTF-8"?>
<!-- Generated by org.testng.reporters.JUnitReportReporter -->
<testsuite hostname="DESKTOP-QI6H2EA" failures="0" tests="3" name="BaseClass.pushpendraWindow" time="3.718" errors="0" timestamp="2025-02-19T08:52:54 PST" skipped="0">
  <testcase classname="BaseClass.pushpendraWindow" name="clickOnGoogle" time="3.360"/>
  <system-out/>
  <testcase classname="BaseClass.pushpendraWindow" name="switchWindow" time="0.079"/>
  <system-out/>
  <testcase classname="BaseClass.pushpendraWindow" name="putDetails" time="0.279"/>
  <system-out/>
</testsuite> <!-- BaseClass.pushpendraWindow -->
